Arguments: 
  C:\Program Files\nodejs\node.exe C:\Program Files (x86)\Yarn\bin\yarn.js init

PATH: 
  C:\Users\badiir\AppData\Local\Android\Sdk\platform-tools;C:\WINDOWS\system32;C:\WINDOWS;C:\WINDOWS\System32\Wbem;C:\WINDOWS\System32\WindowsPowerShell\v1.0\;C:\WINDOWS\System32\OpenSSH\;C:\Users\colarietil\AppData\Roaming\nvm;C:\Program Files\nodejs;C:\Program Files (x86)\Yarn\bin\;C:\ProgramData\chocolatey\bin;C:\Program Files\dotnet\;C:\Users\badiir\AppData\Local\Microsoft\WindowsApps;C:\Users\badiir\.dotnet\tools;C:\Program Files\OpenJDK\openjdk-8u302-b08\bin;C:\Users\colarietil\AppData\Local\Microsoft\WindowsApps;C:\Users\colarietil\AppData\Local\GitHubDesktop\bin;C:\Users\colarietil\AppData\Local\Programs\Microsoft VS Code\bin;C:\Users\colarietil\AppData\Local\Programs\Git\cmd;C:\Users\colarietil\AppData\Roaming\npm;C:\Users\colarietil\AppData\Roaming\nvm;C:\Program Files\nodejs;C:\Users\colarietil\AppData\Local\Yarn\bin;C:\Users\colarietil\AppData\Local\nvs\;C:\Python27;C:\Users\colarietil\AppData\Local\nvs\default;C:\Users\colarietil\AppData\Local\Android\Sdk\platform-tools

Yarn version: 
  1.22.5

Node version: 
  16.11.1

Platform: 
  win32 x64

Trace: 
  Error: canceled
      at Interface.<anonymous> (C:\Program Files (x86)\Yarn\lib\cli.js:137009:13)
      at Interface.emit (node:events:390:28)
      at Interface._ttyWrite (node:readline:1081:16)
      at ReadStream.onkeypress (node:readline:288:10)
      at ReadStream.emit (node:events:390:28)
      at emitKeys (node:internal/readline/utils:358:14)
      at emitKeys.next (<anonymous>)
      at ReadStream.onData (node:internal/readline/emitKeypressEvents:61:36)
      at ReadStream.emit (node:events:390:28)
      at addChunk (node:internal/streams/readable:315:12)

npm manifest: 
  No manifest

yarn manifest: 
  No manifest

Lockfile: 
  No lockfile
